<?xml version="1.0" encoding="UTF-8"?>
<!-- Generated by org.testng.reporters.JUnitXMLReporter -->
<testsuite hostname="DESKTOP-AFO90VC" ignored="0" name="Sum and subtract" tests="12" failures="0" timestamp="14 июн 2019 21:13:45 GMT" time="0.058" errors="0">
  <testcase name="doubleSumTest" time="0.002" classname="hw1.SumTest"/>
  <testcase name="doubleSumTest" time="0.0" classname="hw1.SumTest"/>
  <testcase name="doubleSumTest" time="0.0" classname="hw1.SumTest"/>
  <testcase name="longSumTest" time="0.0" classname="hw1.SumTest"/>
  <testcase name="longSumTest" time="0.0" classname="hw1.SumTest"/>
  <testcase name="longSumTest" time="0.0" classname="hw1.SumTest"/>
  <testcase name="doubleSubtractTest" time="0.0" classname="hw1.SubtractTest"/>
  <testcase name="doubleSubtractTest" time="0.0" classname="hw1.SubtractTest"/>
  <testcase name="doubleSubtractTest" time="0.0" classname="hw1.SubtractTest"/>
  <testcase name="longSubtractTest" time="0.0" classname="hw1.SubtractTest"/>
  <testcase name="longSubtractTest" time="0.0" classname="hw1.SubtractTest"/>
  <testcase name="longSubtractTest" time="0.0" classname="hw1.SubtractTest"/>
</testsuite> <!-- Sum and subtract -->
